<?xml version="1.0" encoding="UTF-8"?>
<testsuite xmlns:xsi="http://www.w3.org/2001/XMLSchema-instance" xsi:noNamespaceSchemaLocation="https://maven.apache.org/surefire/maven-surefire-plugin/xsd/surefire-test-report-3.0.xsd" version="3.0" name="TestSuite" time="163.144" tests="4" errors="0" skipped="0" failures="1">
  <properties>
[...]
</properties>
  <testcase name="test1" classname="remoteTesting.dockerValidation.chromeTest1" time="46.325"/>
  <testcase name="test2" classname="remoteTesting.dockerValidation.chromeTest2" time="63.171"/>
  <testcase name="test3" classname="remoteTesting.dockerValidation.chromeTest3" time="76.439"/>
  <testcase name="stopDockerDeleteFile" classname="remoteTesting.dockerValidation.chromeTest1" time="125.029">
    <failure message="expected [true] but found [false]" type="java.lang.AssertionError">java.lang.AssertionError: expected [true] but found [false]
	at remoteTesting.dockerValidation.chromeTest1.stopDockerDeleteFile(chromeTest1.java:29)
</failure>
  </testcase>
</testsuite>