-------------------------------------------------------------------------------
Test set: TestSuite
-------------------------------------------------------------------------------
Tests run: 4, Failures: 1, Errors: 0, Skipped: 0, Time elapsed: 163.144 s <<< FAILURE! - in TestSuite
stopDockerDeleteFile(remoteTesting.dockerValidation.chromeTest1)  Time elapsed: 125.029 s  <<< FAILURE!
java.lang.AssertionError: expected [true] but found [false]
	at remoteTesting.dockerValidation.chromeTest1.stopDockerDeleteFile(chromeTest1.java:29)

